This is pdfTeX, Version 3.141592653-2.6-1.40.25 (TeX Live 2023/Debian) (preloaded format=pdflatex 2025.4.16)  17 APR 2025 18:03
entering extended mode
 restricted \write18 enabled.
 %&-line parsing enabled.
**/home/naruto/Documents/Pantheon_Assignment/tmp/pantheon_report_e0b08fa7-1daf-
4a30-b50b-29e6d561e88f.tex

(/home/naruto/Documents/Pantheon_Assignment/tmp/pantheon_report_e0b08fa7-1daf-4
a30-b50b-29e6d561e88f.tex
LaTeX2e <2023-11-01> patch level 1
L3 programming layer <2024-01-22>
(/usr/share/texlive/texmf-dist/tex/latex/base/article.cls
Document Class: article 2023/05/17 v1.4n Standard LaTeX document class
(/usr/share/texlive/texmf-dist/tex/latex/base/size10.clo
File: size10.clo 2023/05/17 v1.4n Standard LaTeX file (size option)
)
\c@part=\count187
\c@section=\count188
\c@subsection=\count189
\c@subsubsection=\count190
\c@paragraph=\count191
\c@subparagraph=\count192
\c@figure=\count193
\c@table=\count194
\abovecaptionskip=\skip48
\belowcaptionskip=\skip49
\bibindent=\dimen140
)
(/usr/share/texlive/texmf-dist/tex/latex/pdfpages/pdfpages.sty
Package: pdfpages 2024/01/21 v0.5y Insert pages of external PDF documents (AM)

(/usr/share/texlive/texmf-dist/tex/latex/base/ifthen.sty
Package: ifthen 2022/04/13 v1.1d Standard LaTeX ifthen package (DPC)
)
(/usr/share/texlive/texmf-dist/tex/latex/tools/calc.sty
Package: calc 2023/07/08 v4.3 Infix arithmetic (KKT,FJ)
\calc@Acount=\count195
\calc@Bcount=\count196
\calc@Adimen=\dimen141
\calc@Bdimen=\dimen142
\calc@Askip=\skip50
\calc@Bskip=\skip51
LaTeX Info: Redefining \setlength on input line 80.
LaTeX Info: Redefining \addtolength on input line 81.
\calc@Ccount=\count197
\calc@Cskip=\skip52
)
(/usr/share/texlive/texmf-dist/tex/latex/eso-pic/eso-pic.sty
Package: eso-pic 2023/05/03 v3.0c eso-pic (RN)
\ESO@tempdima=\dimen143
\ESO@tempdimb=\dimen144

(/usr/share/texlive/texmf-dist/tex/latex/graphics/keyval.sty
Package: keyval 2022/05/29 v1.15 key=value parser (DPC)
\KV@toks@=\toks17
)
(/usr/share/texlive/texmf-dist/tex/latex/xcolor/xcolor.sty
Package: xcolor 2023/11/15 v3.01 LaTeX color extensions (UK)

(/usr/share/texlive/texmf-dist/tex/latex/graphics-cfg/color.cfg
File: color.cfg 2016/01/02 v1.6 sample color configuration
)
Package xcolor Info: Driver file: pdftex.def on input line 274.

(/usr/share/texlive/texmf-dist/tex/latex/graphics-def/pdftex.def
File: pdftex.def 2022/09/22 v1.2b Graphics/color driver for pdftex
)
(/usr/share/texlive/texmf-dist/tex/latex/graphics/mathcolor.ltx)
Package xcolor Info: Model `cmy' substituted by `cmy0' on input line 1350.
Package xcolor Info: Model `hsb' substituted by `rgb' on input line 1354.
Package xcolor Info: Model `RGB' extended on input line 1366.
Package xcolor Info: Model `HTML' substituted by `rgb' on input line 1368.
Package xcolor Info: Model `Hsb' substituted by `hsb' on input line 1369.
Package xcolor Info: Model `tHsb' substituted by `hsb' on input line 1370.
Package xcolor Info: Model `HSB' substituted by `hsb' on input line 1371.
Package xcolor Info: Model `Gray' substituted by `gray' on input line 1372.
Package xcolor Info: Model `wave' substituted by `hsb' on input line 1373.
))
(/usr/share/texlive/texmf-dist/tex/latex/graphics/graphicx.sty
Package: graphicx 2021/09/16 v1.2d Enhanced LaTeX Graphics (DPC,SPQR)

(/usr/share/texlive/texmf-dist/tex/latex/graphics/graphics.sty
Package: graphics 2022/03/10 v1.4e Standard LaTeX Graphics (DPC,SPQR)

(/usr/share/texlive/texmf-dist/tex/latex/graphics/trig.sty
Package: trig 2021/08/11 v1.11 sin cos tan (DPC)
)
(/usr/share/texlive/texmf-dist/tex/latex/graphics-cfg/graphics.cfg
File: graphics.cfg 2016/06/04 v1.11 sample graphics configuration
)
Package graphics Info: Driver file: pdftex.def on input line 107.
)
\Gin@req@height=\dimen145
\Gin@req@width=\dimen146
)
\AM@pagewidth=\dimen147
\AM@pageheight=\dimen148
\AM@fboxrule=\dimen149

(/usr/share/texlive/texmf-dist/tex/latex/pdfpages/pppdftex.def
File: pppdftex.def 2024/01/21 v0.5y Pdfpages driver for pdfTeX (AM)
)
\pdfpages@includegraphics@status=\count198
\AM@pagebox=\box51
\AM@global@opts=\toks18
\AM@pagecnt=\count199
\AM@toc@title=\toks19
\AM@lof@heading=\toks20
\c@AM@survey=\count266
\AM@templatesizebox=\box52
)
(/usr/share/texlive/texmf-dist/tex/latex/float/float.sty
Package: float 2001/11/08 v1.3d Float enhancements (AL)
\c@float@type=\count267
\float@exts=\toks21
\float@box=\box53
\@float@everytoks=\toks22
\@floatcapt=\box54
)
(/usr/share/texlive/texmf-dist/tex/latex/tools/tabularx.sty
Package: tabularx 2023/07/08 v2.11c `tabularx' package (DPC)

(/usr/share/texlive/texmf-dist/tex/latex/tools/array.sty
Package: array 2023/10/16 v2.5g Tabular extension package (FMi)
\col@sep=\dimen150
\ar@mcellbox=\box55
\extrarowheight=\dimen151
\NC@list=\toks23
\extratabsurround=\skip53
\backup@length=\skip54
\ar@cellbox=\box56
)
\TX@col@width=\dimen152
\TX@old@table=\dimen153
\TX@old@col=\dimen154
\TX@target=\dimen155
\TX@delta=\dimen156
\TX@cols=\count268
\TX@ftn=\toks24
)
(/usr/share/texlive/texmf-dist/tex/latex/pdflscape/pdflscape.sty
Package: pdflscape 2022-10-27 v0.13 Display of landscape pages in PDF

(/usr/share/texlive/texmf-dist/tex/latex/pdflscape/pdflscape-nometadata.sty
Package: pdflscape-nometadata 2022-10-28 v0.13 Display of landscape pages in PD
F (HO)

(/usr/share/texlive/texmf-dist/tex/generic/iftex/iftex.sty
Package: iftex 2022/02/03 v1.0f TeX engine tests
)
(/usr/share/texlive/texmf-dist/tex/latex/graphics/lscape.sty
Package: lscape 2020/05/28 v3.02 Landscape Pages (DPC)
)
Package pdflscape Info: Auto-detected driver: pdftex on input line 81.
))
(/usr/share/texlive/texmf-dist/tex/latex/base/textcomp.sty
Package: textcomp 2020/02/02 v2.0n Standard LaTeX package
)
(/usr/share/texlive/texmf-dist/tex/latex/l3backend/l3backend-pdftex.def
File: l3backend-pdftex.def 2024-01-04 L3 backend support: PDF output (pdfTeX)
\l__color_backend_stack_int=\count269
\l__pdf_internal_box=\box57
)
No file pantheon_report_e0b08fa7-1daf-4a30-b50b-29e6d561e88f.aux.
\openout1 = `pantheon_report_e0b08fa7-1daf-4a30-b50b-29e6d561e88f.aux'.

LaTeX Font Info:    Checking defaults for OML/cmm/m/it on input line 13.
LaTeX Font Info:    ... okay on input line 13.
LaTeX Font Info:    Checking defaults for OMS/cmsy/m/n on input line 13.
LaTeX Font Info:    ... okay on input line 13.
LaTeX Font Info:    Checking defaults for OT1/cmr/m/n on input line 13.
LaTeX Font Info:    ... okay on input line 13.
LaTeX Font Info:    Checking defaults for T1/cmr/m/n on input line 13.
LaTeX Font Info:    ... okay on input line 13.
LaTeX Font Info:    Checking defaults for TS1/cmr/m/n on input line 13.
LaTeX Font Info:    ... okay on input line 13.
LaTeX Font Info:    Checking defaults for OMX/cmex/m/n on input line 13.
LaTeX Font Info:    ... okay on input line 13.
LaTeX Font Info:    Checking defaults for U/cmr/m/n on input line 13.
LaTeX Font Info:    ... okay on input line 13.
(/usr/share/texlive/texmf-dist/tex/context/base/mkii/supp-pdf.mkii
[Loading MPS to PDF converter (version 2006.09.02).]
\scratchcounter=\count270
\scratchdimen=\dimen157
\scratchbox=\box58
\nofMPsegments=\count271
\nofMParguments=\count272
\everyMPshowfont=\toks25
\MPscratchCnt=\count273
\MPscratchDim=\dimen158
\MPnumerator=\count274
\makeMPintoPDFobject=\count275
\everyMPtoPDFconversion=\toks26
) (/usr/share/texlive/texmf-dist/tex/latex/epstopdf-pkg/epstopdf-base.sty
Package: epstopdf-base 2020-01-24 v2.11 Base part for package epstopdf
Package epstopdf-base Info: Redefining graphics rule for `.eps' on input line 4
85.

(/usr/share/texlive/texmf-dist/tex/latex/latexconfig/epstopdf-sys.cfg
File: epstopdf-sys.cfg 2010/07/13 v1.3 Configuration of (r)epstopdf for TeX Liv
e
))
[1

{/var/lib/texmf/fonts/map/pdftex/updmap/pdftex.map}]
</home/naruto/Documents/Pantheon_Assignment/high_bw_low_latency_results/pantheo
n_summary_mean.pdf, id=9, 480.62614pt x 357.11806pt>
File: /home/naruto/Documents/Pantheon_Assignment/high_bw_low_latency_results/pa
ntheon_summary_mean.pdf Graphic file (type pdf)
<use /home/naruto/Documents/Pantheon_Assignment/high_bw_low_latency_results/pan
theon_summary_mean.pdf>
Package pdftex.def Info: /home/naruto/Documents/Pantheon_Assignment/high_bw_low
_latency_results/pantheon_summary_mean.pdf  used on input line 44.
(pdftex.def)             Requested size: 345.0pt x 256.35648pt.
</home/naruto/Documents/Pantheon_Assignment/high_bw_low_latency_results/pantheo
n_summary.pdf, id=10, 558.39365pt x 348.95984pt>
File: /home/naruto/Documents/Pantheon_Assignment/high_bw_low_latency_results/pa
ntheon_summary.pdf Graphic file (type pdf)
<use /home/naruto/Documents/Pantheon_Assignment/high_bw_low_latency_results/pan
theon_summary.pdf>
Package pdftex.def Info: /home/naruto/Documents/Pantheon_Assignment/high_bw_low
_latency_results/pantheon_summary.pdf  used on input line 46.
(pdftex.def)             Requested size: 345.0pt x 215.60739pt.
 [2 </home/naruto/Documents/Pantheon_Assignment/high_bw_low_latency_results/pan
theon_summary_mean.pdf> </home/naruto/Documents/Pantheon_Assignment/high_bw_low
_latency_results/pantheon_summary.pdf

pdfTeX warning: pdflatex (file /home/naruto/Documents/Pantheon_Assignment/high_
bw_low_latency_results/pantheon_summary.pdf): PDF inclusion: multiple pdfs with
 page group included in a single page
>] [3

] [4

]
</home/naruto/Documents/Pantheon_Assignment/high_bw_low_latency_results/bbr_dat
alink_throughput_run1.png, id=123, 737.8767pt x 437.2335pt>
File: /home/naruto/Documents/Pantheon_Assignment/high_bw_low_latency_results/bb
r_datalink_throughput_run1.png Graphic file (type png)
<use /home/naruto/Documents/Pantheon_Assignment/high_bw_low_latency_results/bbr
_datalink_throughput_run1.png>
Package pdftex.def Info: /home/naruto/Documents/Pantheon_Assignment/high_bw_low
_latency_results/bbr_datalink_throughput_run1.png  used on input line 87.
(pdftex.def)             Requested size: 345.0pt x 204.43898pt.
</home/naruto/Documents/Pantheon_Assignment/high_bw_low_latency_results/bbr_dat
alink_delay_run1.png, id=125, 744.381pt x 424.9476pt>
File: /home/naruto/Documents/Pantheon_Assignment/high_bw_low_latency_results/bb
r_datalink_delay_run1.png Graphic file (type png)
<use /home/naruto/Documents/Pantheon_Assignment/high_bw_low_latency_results/bbr
_datalink_delay_run1.png>
Package pdftex.def Info: /home/naruto/Documents/Pantheon_Assignment/high_bw_low
_latency_results/bbr_datalink_delay_run1.png  used on input line 89.
(pdftex.def)             Requested size: 345.0pt x 196.95016pt.
 [5 </home/naruto/Documents/Pantheon_Assignment/high_bw_low_latency_results/bbr
_datalink_throughput_run1.png> </home/naruto/Documents/Pantheon_Assignment/high
_bw_low_latency_results/bbr_datalink_delay_run1.png>] [6]
</home/naruto/Documents/Pantheon_Assignment/high_bw_low_latency_results/cubic_d
atalink_throughput_run1.png, id=134, 737.8767pt x 437.2335pt>
File: /home/naruto/Documents/Pantheon_Assignment/high_bw_low_latency_results/cu
bic_datalink_throughput_run1.png Graphic file (type png)
<use /home/naruto/Documents/Pantheon_Assignment/high_bw_low_latency_results/cub
ic_datalink_throughput_run1.png>
Package pdftex.def Info: /home/naruto/Documents/Pantheon_Assignment/high_bw_low
_latency_results/cubic_datalink_throughput_run1.png  used on input line 116.
(pdftex.def)             Requested size: 345.0pt x 204.43898pt.
</home/naruto/Documents/Pantheon_Assignment/high_bw_low_latency_results/cubic_d
atalink_delay_run1.png, id=135, 744.381pt x 424.9476pt>
File: /home/naruto/Documents/Pantheon_Assignment/high_bw_low_latency_results/cu
bic_datalink_delay_run1.png Graphic file (type png)
<use /home/naruto/Documents/Pantheon_Assignment/high_bw_low_latency_results/cub
ic_datalink_delay_run1.png>
Package pdftex.def Info: /home/naruto/Documents/Pantheon_Assignment/high_bw_low
_latency_results/cubic_datalink_delay_run1.png  used on input line 118.
(pdftex.def)             Requested size: 345.0pt x 196.95016pt.
 [7 </home/naruto/Documents/Pantheon_Assignment/high_bw_low_latency_results/cub
ic_datalink_throughput_run1.png> </home/naruto/Documents/Pantheon_Assignment/hi
gh_bw_low_latency_results/cubic_datalink_delay_run1.png>] [8]
</home/naruto/Documents/Pantheon_Assignment/high_bw_low_latency_results/vegas_d
atalink_throughput_run1.png, id=145, 737.8767pt x 437.2335pt>
File: /home/naruto/Documents/Pantheon_Assignment/high_bw_low_latency_results/ve
gas_datalink_throughput_run1.png Graphic file (type png)
<use /home/naruto/Documents/Pantheon_Assignment/high_bw_low_latency_results/veg
as_datalink_throughput_run1.png>
Package pdftex.def Info: /home/naruto/Documents/Pantheon_Assignment/high_bw_low
_latency_results/vegas_datalink_throughput_run1.png  used on input line 145.
(pdftex.def)             Requested size: 345.0pt x 204.43898pt.
</home/naruto/Documents/Pantheon_Assignment/high_bw_low_latency_results/vegas_d
atalink_delay_run1.png, id=146, 744.381pt x 424.9476pt>
File: /home/naruto/Documents/Pantheon_Assignment/high_bw_low_latency_results/ve
gas_datalink_delay_run1.png Graphic file (type png)
<use /home/naruto/Documents/Pantheon_Assignment/high_bw_low_latency_results/veg
as_datalink_delay_run1.png>
Package pdftex.def Info: /home/naruto/Documents/Pantheon_Assignment/high_bw_low
_latency_results/vegas_datalink_delay_run1.png  used on input line 147.
(pdftex.def)             Requested size: 345.0pt x 196.95016pt.
 [9 </home/naruto/Documents/Pantheon_Assignment/high_bw_low_latency_results/veg
as_datalink_throughput_run1.png> </home/naruto/Documents/Pantheon_Assignment/hi
gh_bw_low_latency_results/vegas_datalink_delay_run1.png>]
(./pantheon_report_e0b08fa7-1daf-4a30-b50b-29e6d561e88f.aux)
 ***********
LaTeX2e <2023-11-01> patch level 1
L3 programming layer <2024-01-22>
 ***********
 ) 
Here is how much of TeX's memory you used:
 2995 strings out of 476182
 54043 string characters out of 5795595
 1927975 words of memory out of 5000000
 24987 multiletter control sequences out of 15000+600000
 558852 words of font info for 39 fonts, out of 8000000 for 9000
 14 hyphenation exceptions out of 8191
 72i,8n,79p,348b,240s stack positions out of 10000i,1000n,20000p,200000b,200000s
</usr/share/texlive/texmf-dist/fonts/type1/public/amsfonts/cm/cmbx12.pfb></us
r/share/texlive/texmf-dist/fonts/type1/public/amsfonts/cm/cmr10.pfb></usr/share
/texlive/texmf-dist/fonts/type1/public/amsfonts/cm/cmtt10.pfb>
Output written on pantheon_report_e0b08fa7-1daf-4a30-b50b-29e6d561e88f.pdf (9 p
ages, 337742 bytes).
PDF statistics:
 167 PDF objects out of 1000 (max. 8388607)
 43 compressed objects within 1 object stream
 0 named destinations out of 1000 (max. 500000)
 41 words of extra memory for PDF output out of 10000 (max. 10000000)

